<?xml version="1.0" encoding="UTF-8"?><testsuite errors="0" failures="1" name="RestApi.RestAssuredmthds" skipped="0" tests="4" time="23.35" timestamp="2021-05-27T10:56:37.027+05:30[Asia/Calcutta]"><testcase classname="RestApi.RestAssuredmthds" name="Verify authentication with valid credential"><failure message="1 expectation failed.&#10;Expected status code &lt;401&gt; but was &lt;200&gt;.&#10;" type="java.lang.AssertionError">1 expectation failed.
Expected status code &lt;401&gt; but was &lt;200&gt;.
</failure><system-err>1 expectation failed.
Expected status code &lt;401&gt; but was &lt;200&gt;.
&#13;
io.restassured.internal.ResponseSpecificationImpl.validateResponseIfRequired(ResponseSpecificationImpl.groovy:636)&#13;
io.restassured.internal.ResponseSpecificationImpl.statusCode(ResponseSpecificationImpl.groovy:122)&#13;
io.restassured.internal.ResponseSpecificationImpl.statusCode(ResponseSpecificationImpl.groovy:130)&#13;
io.restassured.internal.ValidatableResponseOptionsImpl.statusCode(ValidatableResponseOptionsImpl.java:117)&#13;
RestApi.RestAssuredmthds.Validateauthvalidvalidcredetial(RestAssuredmthds.java:35)&#13;
org.eclipse.jdt.internal.junit4.runner.JUnit4TestReference.run(JUnit4TestReference.java:89)&#13;
org.eclipse.jdt.internal.junit.runner.TestExecution.run(TestExecution.java:41)&#13;
org.eclipse.jdt.internal.junit.runner.RemoteTestRunner.runTests(RemoteTestRunner.java:542)&#13;
org.eclipse.jdt.internal.junit.runner.RemoteTestRunner.runTests(RemoteTestRunner.java:770)&#13;
org.eclipse.jdt.internal.junit.runner.RemoteTestRunner.run(RemoteTestRunner.java:464)&#13;
org.eclipse.jdt.internal.junit.runner.RemoteTestRunner.main(RemoteTestRunner.java:210)&#13;
</system-err></testcase><testcase classname="RestApi.RestAssuredmthds" name="Repubilc of India is present"/><testcase classname="RestApi.RestAssuredmthds" name="XYZ country  is not present"/><testcase classname="RestApi.RestAssuredmthds" name="Verify authentication with valid credential"/></testsuite>